2025-03-26 21:59:22,662 - INFO - 开始下载播客
2025-03-26 21:59:22,662 - INFO - ==================================================
2025-03-26 21:59:22,662 - INFO - 正在下载播客: Lex Fridman
2025-03-26 21:59:22,662 - INFO - RSS 地址: https://lexfridman.com/feed/podcast/
2025-03-26 21:59:22,662 - INFO - 限制: 最新 1 集
2025-03-26 21:59:22,662 - INFO - ==================================================
2025-03-26 21:59:22,662 - INFO - 执行命令: /Users/jason/miniconda3/envs/MyDrive/bin/python podcast_downloader.py https://lexfridman.com/feed/podcast/ -o downloads/Lex Fridman -l 1
2025-03-26 22:00:06,076 - INFO - 下载成功: Lex Fridman
2025-03-26 22:00:06,077 - INFO - 输出信息: Parsing RSS feed: https://lexfridman.com/feed/podcast/
Podcast: Lex Fridman Podcast
Saved podcast information to downloads/Lex Fridman/description/podcast_info.json
Downloading entry 1: #462 – Ezra Klein and Derek Thompson: Politics, Trump, AOC, Elon & DOGE

下载失败: 'tqdm' object has no attribute 'rate'
Saved description to description/#462 – Ezra Klein and Derek Thompson_ Politics, Trump, AOC, Elon & DOGE.json

Download Summary:
Total entries: 1
Successfully downloaded: 0
Skipped: 0
Failed: 1

2025-03-26 22:00:06,077 - INFO - 所有下载任务完成!
2025-03-26 22:00:06,077 - INFO - 日志文件保存在: logs/20250326_215922.log
